<?xml version="1.0" encoding="UTF-8"?>
<!-- Generated by org.testng.reporters.JUnitReportReporter -->
<testsuite hostname="ASUS" failures="0" tests="1" name="AutoamationTest.BongoSQAtest.AppTest" time="0.012" errors="0" timestamp="2021-11-02T20:38:28 BDT" skipped="0">
  <testcase classname="AutoamationTest.BongoSQAtest.AppTest" name="shouldAnswerWithTrue" time="0.012"/>
  <system-out/>
</testsuite> <!-- AutoamationTest.BongoSQAtest.AppTest -->
