<?xml version="1.0" encoding="UTF-8"?>
<!-- Generated by org.testng.reporters.JUnitReportReporter -->
<testsuite hostname="ASUS" failures="0" tests="1" name="scripts.LoadContentPlayContent" time="30.902" errors="0" timestamp="2021-11-02T20:38:28 BDT" skipped="0">
  <testcase classname="scripts.LoadContentPlayContent" name="loadContent" time="30.902"/>
  <system-out/>
</testsuite> <!-- scripts.LoadContentPlayContent -->
